-0.149443
-0.150110
-0.150229
-0.149167
100.000000
100.000000
-0.147838
100.000000
100.000000
-0.150037
100.000000
100.000000
100.000000
100.000000
-0.149933
-0.149069
100.000000
100.000000
-0.150245
100.000000
100.000000
-0.149471
100.000000
-0.149773
-0.150199
100.000000
100.000000
100.000000
100.000000
100.000000
100.000000
100.000000
100.000000
100.000000
-0.150013
-0.149549
100.000000
100.000000
100.000000
-0.150318
100.000000
-0.147669
100.000000
100.000000
100.000000
100.000000
100.000000
100.000000
-0.149795
100.000000
100.000000
100.000000
100.000000
100.000000
-0.147219
100.000000
100.000000
100.000000
100.000000
100.000000
100.000000
100.000000
-0.146562
100.000000
100.000000
100.000000
-0.126784
-0.113622
100.000000
100.000000
100.000000
100.000000
100.000000
100.000000
100.000000
100.000000
-0.115768
100.000000
100.000000
100.000000
100.000000
100.000000
100.000000
100.000000
100.000000
100.000000
100.000000
100.000000
100.000000
100.000000
100.000000
100.000000
100.000000
100.000000
-0.077905
100.000000
100.000000
100.000000
-0.068775
100.000000
100.000000
100.000000
100.000000
100.000000
100.000000
100.000000
-0.148438
100.000000
100.000000
100.000000
100.000000
100.000000
100.000000
100.000000
100.000000
100.000000
100.000000
100.000000
100.000000
100.000000
100.000000
100.000000
100.000000
100.000000
100.000000
0.019479
100.000000
100.000000
100.000000
100.000000
100.000000
100.000000
100.000000
100.000000
100.000000
100.000000
100.000000
-0.024086
100.000000
100.000000
100.000000
100.000000
100.000000
100.000000
100.000000
100.000000
100.000000
100.000000
100.000000
100.000000
100.000000
100.000000
100.000000
100.000000
100.000000
100.000000
100.000000
100.000000
100.000000
100.000000
100.000000
100.000000
100.000000
100.000000
100.000000
100.000000
100.000000
100.000000
100.000000
100.000000
100.000000
100.000000
100.000000
100.000000
100.000000
100.000000
100.000000
100.000000
100.000000
100.000000
100.000000
100.000000
100.000000
100.000000
100.000000
100.000000
100.000000
100.000000
100.000000
100.000000
100.000000
100.000000
100.000000
100.000000
100.000000
100.000000
100.000000
-0.046113
-0.077254
100.000000
100.000000
100.000000
100.000000
100.000000
100.000000
100.000000
100.000000
100.000000
100.000000
100.000000
100.000000
100.000000
100.000000
100.000000
100.000000
100.000000
100.000000
-0.149758
-0.149703
100.000000
100.000000
100.000000
100.000000
100.000000
-0.150074
100.000000
100.000000
100.000000
100.000000
100.000000
100.000000
100.000000
100.000000
-0.147602
100.000000
100.000000
-0.149106
100.000000
100.000000
100.000000
100.000000
100.000000
100.000000
-0.149659
100.000000
100.000000
100.000000
100.000000
100.000000
-0.150344
100.000000
100.000000
100.000000
-0.149294
100.000000
100.000000
100.000000
100.000000
-0.148276
100.000000
100.000000
-0.148991
100.000000
100.000000
100.000000
100.000000
100.000000
100.000000
-0.149258
100.000000
100.000000
100.000000
-0.148157
100.000000
100.000000
100.000000
100.000000
100.000000
100.000000
100.000000
100.000000
100.000000
100.000000
-0.147677
100.000000
100.000000
-0.148821
100.000000
100.000000
100.000000
100.000000
100.000000
-0.149908
100.000000
-0.150019
100.000000
100.000000
-0.148867
100.000000
100.000000
