-0.148432
-0.149689
-0.150396
-0.150184
-0.150306
-0.149538
-0.145611
-0.078923
-0.070109
-0.094905
-0.076160
-0.082576
-0.082960
-0.108242
-0.150043
-0.150064
-0.150292
-0.150385
-0.149502
-0.150304
-0.150317
-0.150300
-0.149406
-0.147897
0.001724
0.003319
-0.018433
-0.017168
0.000656
-0.015401
0.019116
-0.016955
0.007699
-0.007961
-0.019556
0.016702
-0.006381
0.003579
0.014646
-0.012039
-0.026385
-0.149046
-0.150252
-0.148125
-0.149561
-0.150223
-0.150361
-0.150360
-0.149902
-0.150170
-0.150338
-0.150282
-0.150140
-0.149858
-0.149655
-0.149899
-0.149239
-0.150293
-0.150309
-0.149918
-0.150266
-0.149971
-0.150028
-0.150374
-0.150403
-0.149417
-0.150227
-0.149550
-0.150217
-0.150364
-0.150312
-0.150207
-0.150269
-0.149983
-0.149970
-0.150209
-0.150097
-0.150375
-0.150238
-0.150206
-0.150317
-0.150275
-0.150330
-0.149614
-0.150304
-0.150172
-0.149898
-0.150100
-0.150394
-0.149658
-0.150124
-0.150290
-0.150186
-0.150271
-0.150195
-0.149544
-0.150334
-0.150277
-0.150372
-0.150401
-0.149972
-0.150125
-0.150365
-0.150032
-0.150381
-0.150044
-0.150045
-0.149519
-0.149643
-0.150264
-0.150181
-0.150235
-0.150270
-0.150138
-0.150054
-0.150018
-0.150228
-0.150215
-0.150139
-0.149877
-0.150363
-0.150174
-0.149085
-0.150135
-0.149981
-0.150023
-0.150363
-0.150350
-0.150112
-0.149594
-0.150273
-0.150209
-0.150107
-0.150240
-0.150268
-0.149600
-0.150031
-0.149472
-0.150369
-0.150073
-0.149746
-0.150381
-0.150297
-0.150385
-0.150316
-0.150246
-0.150356
-0.149171
-0.149994
-0.150340
-0.150127
-0.150298
-0.150275
-0.150376
-0.149626
-0.150397
-0.150007
-0.149956
-0.150053
-0.149777
-0.150006
-0.149792
-0.149235
-0.150192
-0.150263
-0.150333
-0.148975
-0.149721
-0.149978
-0.149570
-0.150151
-0.149755
-0.150085
-0.150082
-0.150182
-0.149475
-0.149625
-0.150326
-0.150142
-0.149921
-0.149423
-0.150277
-0.149885
-0.148982
-0.150177
-0.150143
-0.150296
-0.149958
-0.149780
-0.150374
-0.149656
-0.150381
-0.149835
-0.150279
-0.149963
-0.150218
-0.150246
-0.150238
-0.149961
-0.149881
-0.149692
-0.150087
-0.150169
-0.150129
-0.150096
-0.150317
-0.150233
-0.150335
-0.150404
-0.149870
-0.150105
-0.150363
-0.150318
-0.150160
-0.149908
-0.150344
-0.149815
-0.150171
-0.150113
-0.150174
-0.150121
-0.150293
-0.150328
-0.149997
-0.149705
-0.150121
-0.149855
-0.150336
-0.150304
-0.150391
-0.150260
-0.150313
-0.150143
-0.150311
-0.150314
-0.150264
-0.150161
-0.150201
-0.148535
-0.150319
-0.150220
-0.150158
-0.150211
-0.149692
-0.149801
-0.149764
-0.149541
-0.149978
-0.150045
-0.149250
-0.150061
-0.150114
-0.148990
-0.150011
-0.150257
-0.150400
-0.150262
-0.148716
-0.149830
-0.150153
-0.150224
-0.150236
-0.150182
-0.150307
-0.150393
-0.150234
-0.150396
-0.150262
-0.149847
-0.150263
-0.149510
-0.150167
-0.149999
-0.149871
-0.150233
-0.150135
-0.150412
-0.149397
-0.150076
-0.149792
-0.150316
-0.150204
-0.150060
-0.150181
-0.149589
-0.150364
-0.150039
-0.149618
-0.150083
-0.150157
-0.150206
-0.150103
-0.149787
-0.149992
-0.150317
-0.149989
-0.150200
-0.150399
-0.149972
-0.149116
-0.149271
-0.149732
-0.149760
-0.149211
-0.150056
-0.149910
-0.150351
-0.149925
-0.150076
-0.150171
-0.150288
-0.150042
-0.149980
-0.150160
-0.149902
-0.149743
-0.150021
-0.150186
-0.150349
-0.149834
-0.150212
-0.150395
-0.150217
-0.149578
-0.150098
-0.150198
-0.150302
-0.149781
-0.148710
-0.150258
-0.150269
-0.150309
-0.150299
-0.150251
-0.150354
-0.150151
-0.150150
-0.150311
-0.150043
-0.150031
-0.150152
-0.149984
-0.150359
-0.149067
-0.150287
-0.149951
-0.150374
-0.150369
-0.150368
-0.150031
-0.149666
-0.150232
-0.149597
-0.149762
-0.150090
-0.149881
-0.149826
-0.149323
-0.149030
-0.150010
-0.150137
-0.150258
-0.150300
-0.149654
-0.150246
-0.150231
-0.149666
-0.150104
-0.150375
-0.149637
-0.150315
-0.150342
-0.149932
-0.149199
-0.150364
-0.150392
-0.150017
-0.150262
-0.150138
-0.150392
-0.149920
-0.150298
-0.150260
-0.149746
-0.149511
-0.150248
-0.150412
-0.149893
-0.150329
-0.150331
-0.150258
-0.150351
-0.149240
-0.149411
-0.150167
-0.150185
-0.150001
-0.150327
-0.149248
-0.149951
-0.150169
-0.150256
-0.150413
-0.150345
-0.150315
-0.150287
-0.150048
-0.149686
-0.149968
-0.150105
-0.150296
-0.149696
-0.149174
-0.149988
-0.149996
-0.148952
-0.150110
-0.150346
-0.149908
-0.150229
-0.150284
-0.150322
-0.149982
-0.150228
-0.149412
-0.149180
-0.149107
-0.150112
-0.150333
-0.150107
-0.150327
-0.150232
-0.149938
-0.150286
-0.148371
-0.149215
-0.150093
-0.150032
-0.149258
-0.150244
-0.150313
-0.149835
-0.149864
-0.150333
-0.150275
-0.150255
-0.150356
-0.150113
-0.150155
-0.149840
-0.150399
-0.150262
-0.150202
-0.150209
-0.150359
-0.150330
-0.150413
-0.150253
-0.150248
-0.149952
-0.149986
-0.149644
-0.149909
-0.149726
-0.149072
-0.150326
-0.150061
-0.150396
-0.150160
-0.149655
-0.149894
-0.149545
-0.149298
-0.150004
-0.150360
-0.150404
-0.149777
-0.150341
-0.150368
-0.149365
-0.150149
-0.149712
-0.150142
-0.150305
-0.150395
-0.150097
-0.149057
-0.150206
-0.149837
-0.150050
-0.150019
-0.150340
-0.149736
-0.150059
-0.150154
-0.150270
-0.150351
-0.150275
-0.150255
-0.149994
-0.150346
-0.150395
-0.149415
-0.150208
-0.150351
-0.149887
-0.150350
-0.149608
-0.150313
-0.150191
-0.150267
-0.149967
-0.149572
-0.149450
-0.150412
-0.149831
-0.150232
-0.150196
-0.150045
-0.149963
-0.150379
-0.149614
-0.149448
-0.149993
-0.149175
-0.149341
-0.150409
-0.150135
-0.150116
-0.149475
-0.149934
-0.149830
-0.150232
-0.150220
-0.150376
-0.150184
-0.150251
-0.150280
-0.150199
-0.150076
-0.150329
-0.149699
-0.149780
-0.149892
-0.149183
-0.150313
-0.150235
-0.150154
-0.149731
-0.150250
-0.149756
-0.150217
-0.150296
-0.150400
-0.150402
-0.150337
-0.149717
-0.149759
-0.149632
-0.150327
-0.149281
-0.150347
-0.150301
-0.149458
-0.149811
-0.150295
-0.150365
-0.150289
-0.150216
-0.149496
-0.149377
-0.149805
-0.148270
-0.150128
-0.149715
-0.150273
-0.149981
-0.149675
-0.150037
-0.150127
-0.150019
-0.149922
-0.149571
-0.149489
-0.150398
-0.150223
-0.149093
-0.150115
-0.150321
-0.150416
-0.149304
-0.150347
-0.150231
-0.150407
-0.149581
-0.150207
-0.149977
-0.150405
-0.149819
-0.149298
-0.149723
-0.150353
-0.150170
-0.149800
-0.150361
-0.149700
-0.150016
-0.150316
-0.149894
-0.150275
-0.150309
-0.150372
-0.150355
-0.150246
-0.149525
-0.150226
-0.149790
-0.150359
-0.149601
-0.150066
-0.150350
-0.150247
-0.150289
-0.150053
-0.149428
-0.150270
-0.150238
-0.150378
-0.150360
-0.149739
-0.149660
-0.150212
-0.150345
-0.150139
-0.150196
-0.149904
-0.149279
-0.150379
-0.149979
-0.150195
-0.150391
-0.150191
-0.150214
-0.148857
-0.150369
-0.149988
-0.150133
-0.150381
-0.150088
-0.150397
-0.149980
-0.149792
-0.148568
-0.149833
-0.149130
-0.150330
-0.150194
-0.150323
-0.150187
-0.149415
-0.149892
-0.149687
-0.149873
-0.150130
-0.149730
-0.149714
-0.149510
-0.149947
-0.149600
-0.150188
-0.149768
-0.149888
-0.148567
-0.150377
-0.148897
-0.150148
-0.150048
-0.149812
-0.150095
-0.150333
-0.149764
-0.150219
-0.150159
-0.150233
-0.149840
-0.150257
-0.150162
-0.150061
-0.150233
-0.150090
-0.150386
-0.149571
-0.149933
-0.150213
-0.149841
-0.150062
-0.150369
-0.150109
-0.149186
-0.150263
-0.150207
-0.150295
-0.150161
-0.150136
-0.150099
-0.150164
-0.150288
-0.150031
-0.149922
-0.149866
-0.150096
-0.150139
-0.150042
-0.150344
-0.149650
-0.150278
-0.150009
-0.149913
-0.149240
-0.150073
-0.150177
-0.150112
-0.149833
-0.150372
-0.149959
-0.150105
-0.150065
-0.150373
-0.150384
-0.150333
-0.150210
-0.149897
-0.150236
-0.149664
-0.149340
-0.150307
-0.150296
-0.149251
-0.149827
-0.150182
-0.150277
-0.150147
-0.148730
-0.149932
-0.150163
-0.149891
-0.150071
-0.149489
-0.150208
-0.150255
-0.150177
-0.150401
-0.150359
-0.150074
-0.150140
-0.150097
-0.149738
-0.149172
-0.150232
-0.150374
-0.150310
-0.150334
-0.150141
-0.150095
-0.150219
-0.150122
-0.150319
-0.150183
-0.149861
-0.150085
-0.150389
-0.149416
-0.150283
-0.150172
-0.149952
-0.150099
-0.149815
-0.149830
-0.150385
-0.150411
-0.150113
-0.150039
-0.149973
-0.150095
-0.149192
-0.149791
-0.150340
-0.150406
-0.149569
-0.150176
-0.150397
-0.147625
-0.150121
-0.150238
-0.150261
-0.150311
-0.150355
-0.150100
-0.149585
-0.150334
-0.149235
-0.148624
-0.150149
-0.150044
-0.150383
-0.150307
-0.149574
-0.150256
-0.150105
-0.150214
-0.149455
-0.150347
-0.149959
-0.150208
-0.150342
-0.150251
-0.150361
-0.150083
-0.150406
-0.150090
-0.150338
-0.150343
-0.150196
-0.150068
-0.150194
-0.149785
-0.150105
-0.150045
-0.150270
-0.150385
-0.150006
-0.150391
-0.150194
-0.149992
-0.149717
-0.124179
-0.150143
-0.148971
-0.149822
-0.020881
-0.149226
-0.149973
-0.150373
-0.149617
-0.149702
-0.150272
-0.150286
-0.032482
-0.150146
-0.150266
0.004662
-0.150370
-0.150364
-0.150174
-0.149692
-0.148984
-0.129225
-0.064565
-0.021535
-0.019549
-0.149035
-0.150264
-0.021276
-0.150278
-0.148433
-0.150309
-0.150184
-0.149839
-0.148960
-0.149685
-0.150361
-0.149633
-0.150289
-0.150384
-0.000000
-0.149608
-0.000760
-0.150057
-0.017564
-0.150386
-0.000000
-0.150373
-0.149181
-0.148745
-0.150240
-0.150321
-0.000000
-0.149918
-0.149859
-0.150369
-0.149352
-0.149033
-0.150367
-0.149999
-0.149636
-0.150124
-0.150254
-0.149720
-0.150407
-0.150240
-0.150013
-0.149849
-0.150104
-0.149650
-0.150228
-0.149729
-0.150371
-0.149763
-0.150352
-0.150374
0.006505
-0.149908
-0.150333
-0.148636
-0.150399
-0.150100
-0.150110
-0.000000
-0.000321
-0.149840
-0.150258
-0.149192
-0.150203
-0.150242
-0.150320
-0.150174
-0.150363
-0.149992
-0.149992
-0.000000
-0.000000
-0.150179
-0.150120
-0.150255
-0.149851
-0.149139
-0.149744
-0.150018
-0.149951
-0.149931
-0.149860
-0.016035
-0.150242
-0.150378
-0.149920
-0.149946
-0.149774
-0.000000
-0.149640
-0.150016
-0.150324
-0.150123
-0.149398
-0.149519
-0.149462
-0.150146
-0.150238
0.004254
-0.150262
-0.002277
-0.149413
-0.149827
-0.150252
-0.150376
-0.150405
-0.150312
-0.149439
-0.150098
-0.149766
-0.014582
-0.014846
-0.150339
-0.149807
-0.150197
-0.000000
-0.149958
-0.150292
-0.150236
-0.150341
-0.000000
-0.000000
-0.150213
-0.150151
-0.150298
-0.150350
-0.000000
-0.150023
-0.149413
-0.000000
-0.150072
-0.000000
-0.150308
-0.150300
-0.150410
-0.150255
-0.150044
-0.149699
-0.150037
-0.150127
-0.150367
