-0.149688
-0.150394
-0.149619
-0.149600
-0.149858
-0.149766
1000000.000000
1000000.000000
-0.086129
1000000.000000
-0.058212
-0.061775
1000000.000000
-0.150263
-0.148938
-0.150330
-0.149305
-0.143069
-0.149612
-0.149259
-0.149729
-0.148241
-0.148790
-0.148357
-0.146798
-0.150009
-0.149487
-0.150372
-0.148178
-0.117610
1000000.000000
-0.149686
-0.150223
-0.148086
1000000.000000
-0.149620
-0.142014
-0.150030
-0.145934
-0.149467
-0.150179
-0.149048
-0.149143
-0.148646
-0.147860
-0.148774
-0.149828
-0.150101
-0.149390
-0.149392
-0.150382
-0.149627
-0.149225
-0.149846
-0.149882
-0.148111
-0.149669
-0.148985
-0.147665
-0.149785
-0.148970
-0.147224
1000000.000000
-0.067151
-0.049948
1000000.000000
-0.051709
1000000.000000
-0.062713
-0.145255
-0.071289
1000000.000000
1000000.000000
-0.052364
-0.072652
-0.055667
-0.071503
1000000.000000
-0.066900
-0.099605
1000000.000000
1000000.000000
-0.056974
1000000.000000
1000000.000000
-0.082665
-0.087773
-0.035630
-0.096040
1000000.000000
-0.037698
-0.148333
-0.148879
-0.149742
-0.150089
-0.142219
-0.149863
-0.149700
-0.149159
-0.149977
