-0.148442
-0.149382
-0.148132
-0.146993
-0.148788
-0.147783
-0.145829
-0.099081
-0.003844
-0.000000
-0.000000
-0.017542
-0.016266
-0.023088
-0.002772
-0.013549
-0.011391
-0.010835
-0.044243
-0.009548
-0.019816
-0.002825
-0.031314
-0.000000
-0.000000
-0.000000
-0.001607
-0.010128
-0.011238
-0.006412
-0.024715
-0.015013
-0.033890
-0.002515
-0.022481
-0.020556
-0.031311
-0.027873
-0.001782
-0.029146
-0.000000
-0.000376
-0.000000
-0.011729
-0.020575
-0.003998
-0.005696
-0.018480
-0.028728
-0.001565
-0.020351
-0.010038
-0.044802
-0.004108
-0.022580
-0.006407
-0.008027
-0.024401
-0.001654
-0.000200
-0.016648
-0.029223
-0.000000
-0.024965
-0.018968
-0.015455
-0.010511
-0.017216
-0.016430
-0.030120
-0.000880
-0.021112
-0.000000
-0.009968
-0.022593
-0.025475
-0.004960
-0.000000
-0.007345
-0.009152
-0.022350
-0.010433
-0.020267
-0.013748
-0.007231
-0.011069
-0.004566
-0.018789
-0.022200
-0.010306
-0.012109
-0.018926
-0.020590
-0.046164
-0.024095
-0.013569
-0.030297
-0.015404
-0.027189
-0.024927
-0.019362
-0.003077
-0.023033
-0.002439
-0.024084
-0.000000
-0.002651
-0.020550
-0.017684
-0.018640
-0.005855
-0.000000
-0.000000
-0.000328
-0.011981
-0.015213
-0.095887
-0.150371
-0.150252
-0.150401
-0.150257
-0.150416
-0.141868
-0.150373
-0.143865
-0.147463
-0.150304
-0.150416
-0.150414
-0.150422
-0.150385
-0.150397
-0.150416
-0.150380
-0.150387
-0.150389
-0.150169
-0.150282
-0.150421
-0.150190
-0.148945
-0.150251
-0.150325
-0.150414
-0.150418
-0.150224
-0.150340
-0.149966
-0.148322
-0.150188
-0.149421
-0.148707
-0.149411
-0.149363
-0.149314
-0.149114
-0.148140
-0.149775
-0.149257
-0.147908
-0.147605
-0.146979
-0.149611
-0.149418
-0.149500
-0.148751
-0.149614
-0.149623
-0.145127
-0.149773
-0.149101
-0.149097
-0.149486
-0.148970
-0.148954
-0.148595
-0.017417
-0.007055
-0.004372
-0.015578
-0.015704
-0.002645
-0.022791
-0.015603
-0.026690
-0.074646
-0.045373
-0.022671
-0.019522
-0.002345
-0.028835
-0.007358
-0.005840
-0.013184
-0.022319
-0.018706
-0.000000
-0.010847
-0.022762
-0.001663
-0.000628
-0.001841
-0.013137
-0.010224
-0.025604
-0.022616
-0.008804
-0.015418
-0.012400
-0.015337
-0.000000
-0.009648
-0.000000
-0.033744
-0.008624
-0.025500
-0.002613
-0.000000
-0.004730
-0.006056
-0.038820
-0.004070
-0.000000
-0.015955
-0.001933
-0.037054
-0.012518
-0.034429
-0.007143
-0.003559
-0.000000
-0.001232
-0.003054
-0.007999
-0.012355
-0.014367
-0.009516
-0.002042
-0.014817
-0.031638
-0.046952
-0.023573
-0.018637
-0.003478
-0.010190
-0.000751
-0.016409
-0.050225
-0.002211
-0.002241
-0.009187
-0.022879
-0.000000
-0.009654
-0.020547
-0.011932
-0.034195
-0.012727
-0.000000
-0.022701
-0.020678
-0.014330
-0.005485
-0.035227
-0.018532
-0.023886
-0.063740
-0.012542
-0.027945
-0.003406
-0.003638
-0.001034
-0.002276
-0.034052
-0.000000
-0.014148
-0.012782
-0.048719
-0.008243
-0.017507
-0.025851
-0.029245
-0.000000
-0.017105
-0.020897
-0.024656
-0.104318
-0.025907
-0.010716
-0.009860
-0.002438
-0.022645
-0.013370
-0.008098
-0.022388
-0.000000
-0.023643
-0.000412
-0.025216
-0.001184
-0.008913
-0.024760
-0.021684
-0.018028
-0.007227
-0.016180
-0.015654
-0.000666
-0.021067
-0.025965
-0.000000
-0.010465
-0.000000
-0.027075
-0.005531
-0.004539
-0.012713
-0.019513
-0.020546
-0.008321
-0.022048
-0.000000
-0.020477
-0.003068
-0.002421
-0.015676
-0.007782
-0.027637
-0.001390
-0.000000
-0.021521
-0.016242
-0.017261
-0.007484
-0.019823
-0.000000
-0.000000
-0.013418
-0.018999
-0.003033
-0.011856
-0.011931
-0.004780
-0.014029
-0.022559
-0.011226
-0.014768
-0.001672
-0.007420
-0.023813
-0.004012
-0.017108
-0.002932
-0.003237
-0.013740
-0.003270
-0.010797
-0.015972
-0.000007
-0.016112
-0.021973
-0.005353
-0.007918
-0.024015
-0.018235
-0.020449
-0.026449
-0.015494
-0.016535
-0.003280
-0.050133
-0.013374
-0.017773
-0.004490
-0.011505
-0.017096
-0.018509
-0.026671
-0.022285
-0.012480
-0.003285
-0.006951
-0.017060
-0.000000
-0.000000
-0.003005
-0.000000
-0.021254
-0.021862
-0.009601
-0.008363
-0.006278
-0.010437
-0.038280
-0.015140
-0.015433
-0.024455
-0.017676
-0.015012
-0.011514
-0.015983
-0.000677
-0.016647
