-1076.293358
-250.510732
1562.214954
-640.833982
2008.895409
-1481.103996
-1006.479083
-145.868510
-2.455689
1857.672864
-547.088175
1422.040298
-54.927120
3008.160864
1326.048683
2007.059956
-962.105298
-567.356528
-45.174244
135.418655
-299.647221
-372.978139
-964.901856
192.115640
-55.446931
295.023200
-1901.617574
166.619364
3106.398967
-1129.457731
102.686855
1404.925548
-3.336299
152.923251
-856.373059
1833.475700
2046.395345
1407.004707
-1055.375398
222.817315
576.285374
-650.854411
2582.351805
-71.358500
-43.800124
-1120.744682
1293.828608
1886.587434
6530.561380
171.471683
41150.550180
66622.703622
-44.747016
-1803.889997
579.726075
7567.041803
-1128.822069
-1816.556605
-115.492357
216.196838
-1352.765889
-1900.176074
-549.362493
-912.149585
-1256.749094
3000.702453
2236.869076
-1295.135633
-1375.176375
-1698.768865
23039.969941
-1893.830198
-1412.902450
-2072.815388
545.914960
999.126000
-125.158502
3059.633172
-1228.947189
4899.359296
-15.511011
-452.262823
-889.655490
-384.792414
-705.060468
614.499372
-573.721997
-1954.771495
-853.511886
-1255.799815
-1173.939857
-681.770810
-865.255500
-344.083138
-839.031695
-1479.756589
-418.752680
-1144.328130
-1419.835701
-467.456761
-1334.351929
-1546.987276
-709.824565
-1965.840570
3679.127038
12919.435359
286.251919
-2468.788480
-2973.251509
-2964.223318
-2957.883101
-2991.205436
-3000.000000
-2982.186867
-2942.880675
-3000.000000
-2992.067480
-2964.198620
-2942.804268
-2973.186735
-2493.022646
-2991.222078
-2973.216097
-2973.170106
-2991.198007
-2973.219985
-2982.231742
-2453.788089
-3000.000000
-2965.713883
-2896.841609
-3000.000000
-3000.000000
-3000.000000
-2973.179694
-2914.564859
-2973.156649
-2785.504853
-2991.229810
-3000.000000
-2954.368490
-3000.000000
-2991.198876
-2973.168944
-2964.215467
-2991.192370
-2827.519554
-2877.582678
-2920.244966
-2973.362052
-2973.219551
-2978.714285
-2948.352972
-2982.216103
-2991.216091
-2991.620335
-3000.000000
-2965.094713
-2991.229483
-2926.864515
-2991.217857
-2991.221221
-2951.452843
-2957.487574
-2937.702171
-2983.012490
-2047.895978
-2965.711821
-2795.445756
-2825.811005
-3000.000000
-2973.829960
-2991.222023
-2887.220841
-2836.443576
-2964.230157
-2991.202831
-2964.178362
-2991.215598
-2982.220833
-2896.261866
-2954.222555
-3000.000000
-2982.217444
-2958.388020
-2991.214609
-2358.886267
-1167.609633
-1100.160982
-1615.768293
-839.800990
-2249.761247
-721.453276
-2075.420300
-848.507299
-2071.886266
-1586.187226
-1709.083676
-1044.842962
-1777.546479
65.829745
-568.047154
-33.359819
-1059.639864
-1973.373300
-1451.804736
582.579416
-1903.984861
4392.890706
4891.535688
3489.122479
674.261233
-436.365716
-2086.252219
-1048.952680
982.728422
564.459973
-955.715053
191.525270
-1240.914097
1441.897004
-640.072771
-765.909631
37.915367
198.276484
-392.030295
1749.822760
-736.996565
-494.223346
-732.078480
5305.209473
199.733570
2122.956435
-1166.854037
-431.034128
-197.895996
646.691121
-2058.212160
287.068419
190.397470
-1417.949282
-196.672981
-2254.958500
-738.122659
22.120928
-1117.223059
2166.200873
-447.201062
677.664342
-643.885761
356.518820
-1699.542634
-278.035684
3289.753257
330.429781
-896.519948
-870.291312
-1353.532826
-1253.376441
67.863242
739.854164
1009.874384
1015.357988
1648.677396
79.363920
1521.078920
-395.311560
691.146432
-1115.075704
732.454024
-98.748970
-599.712932
292.668532
571.776132
1475.180459
1089.554600
1502.910649
-883.145304
-680.727275
510.735355
-409.841510
2552.636574
1564.772498
1108.465411
-1433.409435
-491.150051
1064.365865
-768.918598
-1108.864370
21385.898401
-635.745469
-88.761743
-402.043450
-645.543820
454.129026
38892.369757
-1427.820605
286.591313
-192.074285
-1395.669479
