-58022077.741058
-18005030.874797
-3998599.634259
-8997101.244810
-6998111.570840
1486.463877
-105001633.219847
-145999114.787788
-129999703.762294
-149006967.951406
-148000104.261227
-133999039.584289
-126998227.020087
-39998282.857272
-4712.024895
-6704211.596204
-7003301.842281
-2003075.583924
-2008637.667300
-1037017.612756
-13998798.787701
-10004821.514411
-5002231.686908
-11008301.793690
-3001430.665296
-3997670.681661
-5999865.836235
-45999608.325880
-80000081.651196
-40040741.096597
-56072800.228137
-36000029.566777
-57013842.641370
-57020593.916762
-71020857.903158
-45999899.248956
-40008081.639636
-44999243.918899
-46799733.574454
-4998236.078527
-2997833.252181
-8001023.245174
-16003689.313389
-8004046.185520
-3998612.771277
-1001267.299390
-2998402.846929
-14003561.416080
-16997375.606511
-7996911.620577
-5998413.569559
-1998139.497206
-5998506.425826
-25001.124180
-4997934.989458
-3998592.533371
-1998321.076914
-998929.520568
-3000703.323622
-6998161.678092
-998101.225234
-999768.496783
-20997758.930599
-98998707.268634
-118000586.204461
-155998878.842405
-111999000.356510
-121998585.421733
-119998686.262135
-149093802.112797
-104997860.259029
-93036025.178932
-158998845.975022
-170998654.894085
-137999337.443834
-136001030.456073
-132002307.319484
-144000259.931798
-129999927.692482
-112998122.459436
-185000607.159953
-127998537.570350
-131008782.182935
-114998313.014478
-102997825.028220
-121998492.299413
-166003591.696926
-154999799.805130
-152999694.202881
-134715318.468381
-182013925.589525
-75998351.408864
-6997947.580412
-5168871.267807
-10628327.439733
-338728.483959
-3997833.809142
-7044510.387818
629.899874
-1034454.176018
