6274.470154
820.184324
826.017131
-1050.510668
14349.876271
-854.218051
708.442537
1026.497019
149.917055
12.808064
86.672192
94.378799
555.831817
395.669132
-9.912623
253.310407
360.301064
-11.753773
470.880486
219.328831
242.719567
-142.460822
542.851886
-209.385982
-128.892305
100.986129
231.229880
256.660806
16.485697
39.827222
571.549518
146.317270
719.370196
89.181260
308.882023
441.540673
857.760295
858.559338
177.337971
610.895586
-115.652006
295.282432
101.714924
106.140310
450.676469
109.097975
227.695705
127.257588
1017.823020
-84.243363
658.029257
305.803603
555.338295
148.506008
447.927713
410.852084
189.461265
644.384375
56.471651
45.162802
206.400606
451.191051
124.985987
137.183082
217.710203
389.679943
105.358507
170.349840
205.426592
504.060169
-73.117351
505.275388
-30.701899
60.976443
410.319096
538.059128
85.996468
32.318608
-45.327012
255.295191
512.400803
362.624203
452.522155
274.356821
256.256962
158.366143
-63.036821
398.360911
282.673526
-144.306171
130.893757
458.344060
585.692130
815.077748
173.436291
290.303512
322.679678
465.612371
712.071983
14.177237
170.778843
111.555418
354.181852
170.559151
472.185752
-134.196204
288.679204
122.937730
225.662687
501.226371
262.297650
-57.082786
-103.056828
10.510301
411.185155
587.336279
787.386345
-1242.651960
-2400.952076
-1774.143257
-2104.961592
-499.063594
2833.221662
-2139.101990
-2346.858782
-2658.618843
-1900.922287
-448.722820
-1806.304438
-823.005616
-1793.580326
132.168935
-1752.574430
-2105.358758
-1270.686059
-1900.889697
-548.382270
-1962.672580
-766.744062
-800.473320
-2410.594752
-2050.030118
-1948.828108
-1063.625442
-1004.474630
-1938.494055
-889.611535
-686.523779
-449.133214
901.264610
-377.498574
896.710771
-534.938629
421.655587
-1379.887047
2572.658892
-479.513817
-301.293090
-73.643456
-966.525977
-1429.620746
-1360.281231
1105.227948
-146.466712
-751.297380
1423.522177
405.741560
-601.243421
852.368911
612.107760
2031.885443
45.722289
1489.288465
-907.214755
-1111.317817
-1108.291658
539.910433
213.787250
142.922856
518.826347
55.540171
-37.814244
415.692181
135.999557
642.974245
653.458215
535.071938
492.617342
499.556210
53.307485
186.091845
66.970086
436.647379
41.086277
428.647836
425.510056
-169.067028
59.579554
136.144665
-46.697405
57.596944
-2.528174
233.654711
133.270787
393.180974
189.441311
148.805999
195.293785
233.514518
283.701512
49.466986
221.639195
-198.518130
649.546291
154.927955
442.088828
255.389628
-97.672817
258.588451
7.438769
173.912793
9.255286
-197.669072
338.037069
13.002291
525.351564
375.633423
894.019331
438.716483
385.789846
-65.608165
-14.736336
208.728343
95.073929
337.713325
156.605519
269.362495
75.680044
559.185623
609.538266
435.612301
533.678839
19.068078
42.572045
146.209356
142.681460
624.573583
393.879489
-124.746000
-128.163401
78.725690
325.811027
-39.510380
126.014386
388.907475
198.632575
612.026975
208.284978
14.050147
594.512021
540.582310
363.287164
10.828980
551.996382
463.847846
484.388490
1004.442340
76.722085
503.424484
197.195553
-37.589723
257.167819
66.679960
845.195404
-55.024572
421.916269
-64.195801
806.617756
204.925177
481.914947
338.112824
605.593203
29.923895
275.033917
468.056820
494.024107
430.568976
245.442669
331.847217
182.597862
107.575919
437.019755
266.757877
530.722172
515.371960
-137.735288
275.197902
3.969799
504.042221
317.267394
101.983861
436.520056
356.422690
86.770761
191.351325
65.498964
205.875355
-164.563701
281.873342
526.121560
-167.577695
304.728326
-13.730969
394.215030
175.418341
67.889672
373.608329
392.204997
692.609500
92.539062
433.730257
-55.733269
632.285717
114.576814
207.281333
464.428069
-26.132516
786.334987
-108.214849
-55.483160
-7.875047
317.806086
305.407118
39.341208
717.795565
-86.975250
-68.385050
241.373998
387.486327
-27.734506
335.508996
269.800109
263.327232
206.042957
273.638020
288.436240
-17.284460
25.038282
69.823060
432.243086
-61.043872
676.656543
-58.525603
259.837971
209.823707
-44.220711
135.123734
354.658591
-56.806705
181.747001
217.988672
3.382582
220.460935
186.431129
163.609814
551.959294
502.707602
655.449293
222.939224
123.967770
473.103426
-12.765456
211.033429
19.818502
31.898284
275.243402
259.491012
416.485647
363.300002
156.239021
-41.736955
104.152057
173.245750
-66.028573
-201.014035
-148.038285
48.564519
460.758389
308.129627
133.942120
261.077246
-8.744643
380.988133
193.531092
861.987624
179.734957
488.659680
494.553326
382.687175
119.777150
217.151048
-11.111084
384.523152
