425.580075
-744.956437
-20.592914
1589.784236
4102.709232
350.810314
-1351.908082
-1148.971211
-1943.098923
-2331.742565
-1798.323542
-625.290201
3084.507278
907.332711
-2837.294281
-4384.265908
-4007.887931
-3908.675482
-3672.054210
893.693793
-108.315005
336.136421
2924.712677
-2712.827754
-4416.145996
-4951.664219
-4845.939750
-4824.610638
-4936.466412
-4884.007393
-4979.174653
-4864.949086
-4936.805397
-4951.162037
-4824.138332
-4966.094625
-4884.930926
-4903.560087
-4966.028200
-4936.244122
-4865.634880
-864.691024
2948.542772
-516.422323
-1856.271655
278.426267
598.429524
-1097.859379
150.396167
-661.642440
1990.237051
-951.717849
3199.021440
2729.344923
3482.638320
3091.832329
582.708641
2184.603661
3583.101860
1164.143409
1171.048378
325.725714
1690.054683
387.109598
-1301.771171
-57.067874
649.400761
-825.593377
-959.339432
36043.723725
625.849493
542.589659
1809.371733
-2593.339965
343.711926
-401.268164
257.233197
1951.328744
-598.163351
3521.050152
-666.157583
788.858737
2576.620085
-853.453760
2102.762899
-638.809440
30943.674573
18303.470477
-845.482904
629.923530
1182.405745
-832.033320
-489.606680
-861.130794
2290.547782
-245.819188
141.598431
-513.330004
3315.430913
-514.664471
1530.859913
-456.740522
-217.926308
-1486.169840
2366.591158
2385.220736
-407.485603
-157.221235
551.507712
2397.027714
1346.654777
1621.114740
35980.632416
-70.542039
1026.595366
1777.209316
370.608261
6682.283266
1106.529061
1952.652365
-842.138961
-1155.821516
43.146473
3595.797169
1274.019511
1250.888963
-866.010744
-1367.439200
-1643.996558
1357.857386
2234.831885
-83.386381
1235.040829
-401.544456
1353.337219
754.781265
-117.588717
-106.690276
-74.907187
30043.459484
738.305471
1280.314688
2397.403561
-512.551411
2503.449131
-755.901943
-93.314736
384.713772
809.636915
406.215733
1022.379040
-1429.214966
57.347590
1822729.031168
-2317.848220
2008.323213
1897.111581
1019.691668
18.069708
-2800.011893
2120.449789
1251.794132
-1506.369424
2648.472709
2195.384400
2031.033671
604.305959
1791.040758
1612.967358
477.519586
-374.699588
-155.072132
243.595246
5128.047581
565.444317
-628.435934
-151.598159
1283.562650
2064.357057
-323.968528
7576.300853
-2083.381765
584.757445
-1246.629562
632.994194
1227.698877
257.067564
1397.712841
1626.189155
3900.504006
989.935033
2647.005438
2085.601670
-843.523309
-627.525143
658.484074
-856.603699
13152.519992
1711.279225
1599.732069
-787.535412
-470.831274
-82.287514
2236.789446
-130.463896
1332.932741
542.778901
2931.677007
2438.130395
1277.050904
-688.301872
-2054.609711
29254.248855
1259.916411
-1379.391240
873.935678
2385.461382
2875.003592
871.810096
2804.391259
-1774.437015
1567.403407
3233.769963
-1551.393594
-1271.801938
3325.379391
38.760861
111.228861
2645.710771
-917.548726
-1134.969536
1553.917490
1646.617280
1427.895358
1342.323656
484.730180
1042.241808
-167.227932
235.221047
547.942332
758.238800
1545.344559
-2544.820095
-268.191122
192.535704
911.454455
737.448520
2065.144298
3667.517400
2094.376125
-127.954655
-834.363633
-71.116821
-1757.673111
1962.947232
-379.238226
-2628.027896
-1944.951675
-383.327546
507.597267
-935.304522
1177.359181
3450.943715
-1591.226365
-117.138730
-2214.010744
863.489577
-480.683508
-3.391805
-294.840052
-474.798334
47740.874080
223.931795
1945.302408
1311.141129
420.667330
595.853154
1496.649059
3113.948587
-1146.789763
1632.707135
1599.219384
2714.569618
1447.816885
-1165.456684
2476.792988
1553.034631
3879.718272
-172.510496
1302.385296
-1798.319137
3175.912308
37933.803013
-643.162122
4405.928204
-718.872715
2272.468006
598.516010
2463.044151
-70.112419
-1086.212737
4513.013036
-1508.550583
1259.607321
-1444.801009
-188.655140
2927.946660
2430.860061
-143.051933
870.849225
813.384468
1709.872983
1555.932509
3796.225979
16421.533730
1722.327501
1001.645746
525.671350
-293.966782
-977.374459
158.771016
-224.415365
377.641177
287.122805
3457.383149
3006.872667
785.247769
27.699186
7333.801969
487.340420
-648.620241
1353.970149
2999.137959
3223.253209
2235.053946
-115.946874
-568.064705
2419.878987
-240.260772
1758.231983
601.952290
1767.318706
653.196913
-1221.896132
-422.273097
1062.027744
-2140.241515
-635.308794
652.426475
739.085765
18133.106851
2074.981600
377.394292
2174.853369
-671.365209
2126.320214
-1086.804385
2987.232890
3347.900476
2797.941297
2375.010568
1045.711954
-558.898002
308.330373
2522.106001
897.969320
2217.587737
40.293517
-992.030903
-620.754382
905.495744
1673.153116
1120.180714
833.012780
-646.259262
-1442.832648
3258.986839
260.639287
2043.099310
-1515.784308
1180.032100
4406.434273
1905.447369
520.966407
-120.616031
2604.771850
-369.528696
-1242.939623
1049.265429
-225.264014
3185.065996
-910.560877
241.270392
40981.429349
59482.540121
6527.189888
1056.058507
1775.457174
586.132132
1359.677533
1865.117251
2516.252143
2159.042307
-1085.233207
2722.675160
1082.147144
8509.474326
-1416.402264
1578.420657
-1141.465285
134.766353
-1077.458470
-1961.350900
-89.418424
1027.906398
244339.486058
-225.070241
1992.940930
200.791828
182.211264
12879.667932
-2432.471321
2047.325321
1121.917632
2873.040152
-97.422758
-1710.585126
-198.551039
-2386.892219
-565.555002
1661.996003
198051.121992
-189.000655
-428.938991
-687.944984
-271.906126
-2164.376148
4975.453873
-449.733220
-17.335453
-110.614265
-515.439251
932.660053
1931.336109
-2059.113629
1167.727206
-1648.366936
3346.742655
2661.987142
1361.530769
-857.761046
-1731.130619
-1557.428388
619.221931
1986.816790
331.117604
103.411212
3455.618298
3.790022
423.885943
-1138.001773
1338.805443
3652.447578
-937.013446
-852.596023
-296.064578
728.425475
-725.558760
-1771.020033
2119.950968
151.325099
1266.388651
-1330.909907
-2423.763241
6412.634483
-67.405103
1474.928421
-1392.738585
-1063.925585
-320.788353
-1067.873168
1273.217043
983.213257
430.355569
3264.708818
992.467888
293.023761
2766.622707
1881.608247
4183.425074
2451.046978
-1915.160498
215.489337
3316.544223
-1386.678999
879.541438
-2060.853961
346.308074
1413.258721
856.951021
652.384861
557.114097
17.638030
131.641650
1874.906715
1930.493347
791.491400
2338.272278
2678.257221
-1144.974965
1804.833947
-327.736900
1203.252343
1286.550516
2945.675149
2590.286496
-1383.467085
2347.644236
3347.602416
242.985811
2623.879053
-87.842630
-98.577647
-1257.790910
454.794108
-177.071914
-839.299721
993.505656
2805.442892
-1262.392524
3034.822236
846.078342
1068.787862
-16.726820
-1359.121829
-1767.245330
2976.984822
1484.390421
-1210.614661
873.483583
481.159695
-289.813875
-635.767680
1012.928229
-46.290652
735.893768
3411.531917
679.220000
-1187.835876
94.655808
820.309039
-2650.718135
1066.333295
-453.549220
2310.006393
121.658018
2155.804038
3588.055235
-1617.793645
3156.273479
-585.283461
58293.450002
731.726219
723.189212
-1108.147697
1288.255252
1519.859789
1018.768290
-402.082803
-1019.090101
1275.962359
598.119182
-2655.126616
2036.764518
-1690.633861
1416.487374
2011.069846
357.172053
-884.809249
588.786690
2333.009297
2800.730280
1724.899288
-1424.189485
-12.882021
779.353956
651.618543
270223.579397
889.725212
-1286.164096
-1983.048804
2119.187301
1836.473134
-1068.070937
480.735481
7519.645685
-382.589216
2144.862648
639.621021
2828.534648
1975.815641
1576.045581
1792.584277
1927.828049
-426.118782
-39.313971
-230.757849
1313.220283
3622.693684
-875.910168
302.493801
409.336957
-687.876490
-493.716385
2521.897576
2010.693533
459.388729
-2165.806441
1650.634064
1136.004669
318.512993
2917.452982
1190.122406
-1553.488137
444.274937
-1826.651192
-291.197586
1476.243147
-253.831484
1532.655780
-1889.387696
1943.701282
5082.549651
3296.241817
1581.911642
-1021.135364
-203.284743
-943.319315
-169.699678
1834.743263
1127.462985
151.084794
1973.603599
1674.845641
1213.375383
2501.488070
404.363414
3030.623475
-269.048980
-308.147863
1662.767567
1612.829559
-2583.898347
3535.074791
1731.061911
37.598412
2105.027450
828.607782
2153.841457
-2079.884732
627.512405
2384.642645
1077.849306
412.813273
1439.927777
-799.618847
1526797.549359
-2670.247060
351.416007
2128.207902
607.463310
3371.018876
-156.908805
1330.846939
-2816.678644
-341.826200
1064.548872
-407.147511
-1083.704883
-56.347581
-635.230562
568.974810
-156.300945
-397.164507
13402.309307
1808.006336
667.953209
2483.161391
2480.996120
1252.200434
-729.195083
-1871.977705
2405.433455
3008.150526
5142.145823
998.604835
3106.480865
447.042957
6246.575165
2118.342522
1927.478288
1393.720655
1692.067646
1589.723959
714.880661
3255.120655
-2296.512178
857.778866
1983.661274
1488.549689
-1689.168631
297.944660
-1374.399374
194.193384
-1280.697983
452.714692
1867.813746
810.405483
1991.802101
1272.964277
912.333492
1385.570711
8660.494055
2112.685467
9325.747709
5.746425
1957.609853
-231.077179
-741.361064
2884.555396
2508.658995
-1718.105049
470.792296
-1884.927582
-885.480789
-1465.535727
696.818029
-1867.122114
3414.522641
1343.040798
2513.281362
1815.971663
1690.206570
619.349841
162.712418
1191.496822
770.996449
1070.404457
552.111396
2587.549589
1623.207057
827.795218
1491.571005
-618.405730
456.756383
1940.964628
649.392759
-1577.767438
754.539527
-605.851413
-1163.418524
1758.814278
-130.930099
1315.662698
103.254059
-929.780451
108.000698
-1095.557416
-770.097689
877.894192
846.728426
1589.445276
3090.805021
244.865845
-45.736897
3538.112971
-64.488448
-1809.104988
-5.487235
-495.620541
1524.369921
1285.175593
-1816.328879
2005.211154
1626.262443
1978.580205
17.096503
882.270506
2972.910060
882.157603
-1509.005527
-1442.901064
-259.204621
-887.705191
2783.609513
2364.972899
508.131865
-1502.692781
796.220423
3640.153710
-257.195280
-2164.037289
11586.444814
-1174.866504
172.727350
-1546.373586
754.710845
-1039.620208
11466.740216
2683.632418
444.710447
-100.302009
1103.738616
-196.688157
-631.089219
1648.965230
835.894885
-1246.549827
-537.637826
-683.826761
-712.619845
1642.603335
617.397234
379333.939881
39.231950
1681.778414
-1329.338792
1624.617723
2640.908313
780.657157
-62.085990
-442.543219
16.036853
-206.700456
-361.589513
670.795712
12822.542776
-7429.358057
46759.496606
112971.410491
2308.571626
3176.996367
860.798343
71472.736894
2833.394593
3032.604967
-745.069129
1875.338382
-455.741033
-506.873037
492.047577
8028.223327
866.965635
13549.982204
13390.259717
339.781691
-1013.077870
5551.551885
16333.445371
21041.245496
-330.436666
39897.854305
19161.922013
2176.815736
727.104111
1530.928548
1461.183643
7952.260178
-1684.404459
-56.383936
858.600295
487.350063
66124.447650
4599.252420
37778.694649
37566.230999
1468.209333
21063.959648
8068.672115
1306.967218
263.916299
26750.356211
173140.175817
1849.684330
2614.774200
6475.735835
8787.307886
6504.216418
27294.882764
3144.834350
29884.910809
-390.834799
34894.106396
3254.724409
2063.018487
39568.778632
1824.293098
1502.068909
48845.032836
38460.607251
1291.827690
1745.114955
1203.297184
3280.425740
94143.155918
910.847615
1576.168375
1101.439270
-402.654665
112.079839
947.427291
26470.055116
24454.737887
-825.622384
1098.740304
5763.715626
-1287.454371
9601.983718
11516.866386
-136.058728
49527.196275
1178.629554
68.787133
48978.387689
15541.832621
54472.184247
1465.624401
2015.748928
-2373.272078
-1697.842328
34030.284641
3584.160430
67787.326525
2556.917074
-396.023558
1136.812776
22203.120200
17202.184760
12015.500492
462051.000387
-351.104457
23871.314110
10953.752822
25602.179649
1080.530616
-1915.633867
1732.892397
429.319517
37028.698611
8057.694489
1770.661375
25040.024296
5356.670350
1287.136719
1443.959197
200.955073
38124.876963
-2833.610388
31583.564691
59356.291811
919.581181
-1174.764186
4193.131851
57684.607197
55833.610941
-7945590.879937
66.468511
40736.875900
3342.012400
28202.485757
2466.418163
1984.817741
2159.555091
1904.511093
6629.819880
4763.801400
39065.334120
3473.280902
-204.572431
344.107810
20276.486470
14797.650281
26533.358122
1714.108640
586.453016
148410.325702
16866.830188
823.168241
1104.585448
2382.553409
21341.943817
21638.876132
2420.783042
54404.109592
1002.550595
206.572545
43448.016932
12026.858386
30724.617405
31378.485967
