87.277543 42.949986 3.837613
3.890344 10.927841 25.284021
61.008100 81.633929 88.465961
20.915461 54.639468 4.688135
30.605366 16.389953 27.001606
61.152306 47.187211 79.796446
100.814624 42.049266 97.751621
17.622384 35.007783 5.915288
26.823332 15.550632 47.449405
17.670946 58.809368 53.034232
30.642072 27.613432 7.660473
13.465636 109.053263 73.575370
82.588741 5.048102 40.838276
8.622509 57.754270 13.512859
15.558326 49.117960 38.362495
34.721629 81.265185 57.445403
35.019893 11.679308 104.414602
6.524113 12.922746 5.910680
21.917245 77.710841 25.202682
14.618597 30.391369 20.140263
27.538601 8.995263 34.885965
7.119298 60.507091 5.377413
77.371272 54.121006 13.109919
8.822446 32.464505 23.711846
76.825719 72.939187 44.558217
89.670542 12.798709 12.067771
52.455102 8.093586 13.191914
27.536957 31.397123 29.295123
45.543405 85.658338 17.395178
23.997146 66.331943 15.337325
101.962866 60.057743 5.316365
7.146817 21.248313 51.278377
42.533454 12.981590 19.592450
36.786985 63.454508 7.678349
28.814026 10.911125 18.358275
22.081100 82.792443 24.335317
26.710260 25.411720 57.237208
13.051850 57.750694 16.545196
21.750596 59.981195 79.918233
9.391987 25.144797 36.821310
105.063351 62.157942 86.818016
20.404360 37.919864 37.159268
90.878460 5.265908 32.666791
10.192248 19.415454 92.183212
3.301028 84.304665 6.373056
10.215265 9.844756 22.602041
57.847732 68.891442 55.681055
41.261010 82.002054 54.257165
23.423304 44.840995 78.353516
30.537646 29.671350 23.153054
11.415636 13.857269 98.193265
16.086987 5.583183 15.935184
10.620316 37.528775 73.722915
95.081959 77.150177 4.100485
7.731242 17.376445 55.991462
56.863478 45.713607 93.565645
6.162531 27.030678 53.186035
35.697725 32.105307 34.168955
30.803590 75.247442 6.049514
22.967676 5.561598 94.073508
56.647773 7.560383 77.920508
12.407668 27.076413 26.180442
8.659238 70.216867 10.038584
92.400764 80.102809 20.261661
76.734084 19.233083 84.754565
25.952022 75.845008 20.331447
27.036378 75.108166 97.642034
17.344302 15.928079 92.484204
9.261438 4.137195 102.169764
8.073141 6.301020 98.744614
50.564061 22.717979 85.067779
91.133745 65.811194 87.254265
5.725628 27.570913 3.547723
107.914327 40.771917 26.404184
58.818209 68.701668 43.553857
58.921019 52.684115 69.768098
44.755283 7.048930 48.493898
9.005905 58.035801 3.605322
15.421152 17.503353 63.606119
10.764437 30.718583 102.960738
39.556530 29.727107 31.356864
9.741701 2.026279 33.318802
7.344041 78.149288 10.683601
82.002400 18.321706 7.299631
57.880143 25.926012 51.855153
9.817506 40.390256 56.303176
15.667344 93.497113 8.570576
39.842964 3.056149 50.724579
48.793368 7.029468 15.062624
22.653086 34.789735 3.834781
12.727915 13.465733 23.792240
80.324286 82.680599 9.040703
17.129734 60.009159 11.817562
30.007637 9.608107 51.584961
46.830580 64.890565 8.577363
89.097743 99.401382 16.975354
74.376230 12.798050 48.683357
67.274758 13.463242 6.731872
24.686383 87.838276 5.611337
98.547894 40.077709 30.245743
42.907861 52.802476 2.074532
109.282063 5.773165 9.339215
18.256859 108.518448 12.118217
33.444408 24.545536 54.204231
67.892199 100.429550 6.091088
8.204812 10.717730 62.968928
8.038457 14.573209 10.935879
62.979472 2.178856 10.601092
12.369655 13.066349 4.019092
12.172492 3.840828 2.413191
13.089225 7.620403 6.738896
12.439173 45.480844 17.041108
28.776763 25.936562 23.123502
42.332235 22.368822 71.716513
17.384189 44.590025 12.602808
88.527124 79.048021 60.128914
7.346576 8.800321 58.837286
18.080578 5.716816 36.242672
1.671353 15.313565 70.593660
5.106367 5.553571 36.700757
48.228823 22.903967 21.830112
58.362933 38.516270 32.087583
24.479607 31.896793 41.160404
62.394306 15.465641 35.798980
15.393518 39.977530 13.407771
18.202499 28.686097 3.766994
31.951436 53.107158 34.274264
8.917489 9.523839 27.411410
41.644932 96.118867 85.173553
